{
  "stats": {
    "suites": 1,
    "tests": 1,
    "passes": 1,
    "pending": 0,
    "failures": 0,
    "start": "2025-07-22T14:25:47.520Z",
    "end": "2025-07-22T14:26:12.878Z",
    "duration": 25358,
    "testsRegistered": 1,
    "passPercent": 100,
    "pendingPercent": 0,
    "other": 0,
    "hasOther": false,
    "skipped": 0,
    "hasSkipped": false
  },
  "results": [
    {
      "uuid": "b24e6342-1e8b-41c1-b244-591cd651725f",
      "title": "",
      "fullFile": "cypress\\e2e\\test.cy.ts",
      "file": "cypress\\e2e\\test.cy.ts",
      "beforeHooks": [],
      "afterHooks": [],
      "tests": [],
      "suites": [
        {
          "uuid": "6b413a2d-81e7-4e71-9ec4-f86e85d0d2ac",
          "title": "Kong Manager Tests",
          "fullFile": "",
          "file": "",
          "beforeHooks": [],
          "afterHooks": [],
          "tests": [
            {
              "title": "create new gateway service",
              "fullTitle": "Kong Manager Tests create new gateway service",
              "timedOut": null,
              "duration": 6876,
              "state": "passed",
              "speed": "medium",
              "pass": true,
              "fail": false,
              "pending": false,
              "context": null,
              "code": "// cy.visit('http://localhost:8002/default/services/create')\n// cy.locator(ServicesCreatePageElements.fullUrlInput).type('testufl');\n//create the service\ngatewayServicePage.visit().inputAndSave();",
              "err": {},
              "uuid": "39219b36-fc03-424c-8fe0-9cfe81b45046",
              "parentUUID": "6b413a2d-81e7-4e71-9ec4-f86e85d0d2ac",
              "isHook": false,
              "skipped": false
            }
          ],
          "suites": [],
          "passes": [
            "39219b36-fc03-424c-8fe0-9cfe81b45046"
          ],
          "failures": [],
          "pending": [],
          "skipped": [],
          "duration": 6876,
          "root": false,
          "rootEmpty": false,
          "_timeout": 2000
        }
      ],
      "passes": [],
      "failures": [],
      "pending": [],
      "skipped": [],
      "duration": 0,
      "root": true,
      "rootEmpty": true,
      "_timeout": 2000
    }
  ],
  "meta": {
    "mocha": {
      "version": "7.2.0"
    },
    "mochawesome": {
      "options": {
        "quiet": false,
        "reportFilename": "mochawesome",
        "saveHtml": false,
        "saveJson": true,
        "consoleReporter": "spec",
        "useInlineDiffs": false,
        "code": true
      },
      "version": "7.1.3"
    },
    "marge": {
      "options": {
        "reportDir": "cypress/results",
        "overwrite": false,
        "html": false,
        "json": true
      },
      "version": "6.2.0"
    }
  }
}