{
  "stats": {
    "suites": 1,
    "tests": 1,
    "passes": 0,
    "pending": 0,
    "failures": 1,
    "start": "2025-07-22T14:15:39.977Z",
    "end": "2025-07-22T14:15:55.061Z",
    "duration": 15084,
    "testsRegistered": 1,
    "passPercent": 0,
    "pendingPercent": 0,
    "other": 0,
    "hasOther": false,
    "skipped": 0,
    "hasSkipped": false
  },
  "results": [
    {
      "uuid": "d38fa513-31bb-4385-b0ec-828ec3a08d16",
      "title": "",
      "fullFile": "cypress\\e2e\\test.cy.ts",
      "file": "cypress\\e2e\\test.cy.ts",
      "beforeHooks": [],
      "afterHooks": [],
      "tests": [],
      "suites": [
        {
          "uuid": "79b9cff8-079e-4780-955c-3fa17ba120fc",
          "title": "Kong Manager Tests",
          "fullFile": "",
          "file": "",
          "beforeHooks": [],
          "afterHooks": [],
          "tests": [
            {
              "title": "create new gateway service",
              "fullTitle": "Kong Manager Tests create new gateway service",
              "timedOut": null,
              "duration": 1392,
              "state": "failed",
              "speed": null,
              "pass": false,
              "fail": true,
              "pending": false,
              "context": null,
              "code": "// cy.visit('http://localhost:8002/default/services/create')\n// cy.locator(ServicesCreatePageElements.fullUrlInput).type('testufl');\n//create the service\ngatewayServicePage.visit().inputAndSave();",
              "err": {
                "message": "Error: The following error originated from your application code, not from Cypress.\n\n  > Script error.\n\nCypress detected that an uncaught error was thrown from a cross origin script.\n\nWe cannot provide you the stack trace, line number, or file where this error occurred.\n\nCheck your Developer Tools Console for the actual error - it should be printed there.\n\nIt's possible to enable debugging these scripts by adding the `crossorigin` attribute and setting a CORS header.\n\nWhen Cypress detects uncaught errors originating from your application it will automatically fail the current test.\n\nThis behavior is configurable, and you can choose to turn this off by listening to the `uncaught:exception` event.\n\nhttps://on.cypress.io/uncaught-exception-from-application\n\nhttps://on.cypress.io/cross-origin-script-error\n\nBecause this error occurred during a `after all` hook we are skipping the remaining tests in the current suite: `Kong Manager Tests`",
                "estack": "Error: The following error originated from your application code, not from Cypress.\n\n  > Script error.\n\nCypress detected that an uncaught error was thrown from a cross origin script.\n\nWe cannot provide you the stack trace, line number, or file where this error occurred.\n\nCheck your Developer Tools Console for the actual error - it should be printed there.\n\nIt's possible to enable debugging these scripts by adding the `crossorigin` attribute and setting a CORS header.\n\nWhen Cypress detects uncaught errors originating from your application it will automatically fail the current test.\n\nThis behavior is configurable, and you can choose to turn this off by listening to the `uncaught:exception` event.\n\nhttps://on.cypress.io/uncaught-exception-from-application\n\nhttps://on.cypress.io/cross-origin-script-error\n\nBecause this error occurred during a `after all` hook we are skipping the remaining tests in the current suite: `Kong Manager Tests`",
                "diff": null
              },
              "uuid": "28b2e885-8b5e-466d-bee7-0346db822b07",
              "parentUUID": "79b9cff8-079e-4780-955c-3fa17ba120fc",
              "isHook": false,
              "skipped": false
            }
          ],
          "suites": [],
          "passes": [],
          "failures": [
            "28b2e885-8b5e-466d-bee7-0346db822b07"
          ],
          "pending": [],
          "skipped": [],
          "duration": 1392,
          "root": false,
          "rootEmpty": false,
          "_timeout": 2000
        }
      ],
      "passes": [],
      "failures": [],
      "pending": [],
      "skipped": [],
      "duration": 0,
      "root": true,
      "rootEmpty": true,
      "_timeout": 2000
    }
  ],
  "meta": {
    "mocha": {
      "version": "7.2.0"
    },
    "mochawesome": {
      "options": {
        "quiet": false,
        "reportFilename": "mochawesome",
        "saveHtml": false,
        "saveJson": true,
        "consoleReporter": "spec",
        "useInlineDiffs": false,
        "code": true
      },
      "version": "7.1.3"
    },
    "marge": {
      "options": {
        "reportDir": "cypress/results",
        "overwrite": false,
        "html": false,
        "json": true
      },
      "version": "6.2.0"
    }
  }
}