{
  "stats": {
    "suites": 1,
    "tests": 1,
    "passes": 0,
    "pending": 0,
    "failures": 1,
    "start": "2025-07-22T14:33:30.274Z",
    "end": "2025-07-22T14:33:31.204Z",
    "duration": 930,
    "testsRegistered": 1,
    "passPercent": 0,
    "pendingPercent": 0,
    "other": 0,
    "hasOther": false,
    "skipped": 0,
    "hasSkipped": false
  },
  "results": [
    {
      "uuid": "6f80fb82-afa1-4aa3-b70c-8cabe0ff6520",
      "title": "",
      "fullFile": "cypress\\e2e\\test.cy.ts",
      "file": "cypress\\e2e\\test.cy.ts",
      "beforeHooks": [],
      "afterHooks": [],
      "tests": [],
      "suites": [
        {
          "uuid": "36f4c57f-3b0f-4e62-af21-f7fdaaecba4b",
          "title": "Kong Manager Tests",
          "fullFile": "",
          "file": "",
          "beforeHooks": [],
          "afterHooks": [],
          "tests": [
            {
              "title": "create new gateway service",
              "fullTitle": "Kong Manager Tests create new gateway service",
              "timedOut": null,
              "duration": 416,
              "state": "failed",
              "speed": null,
              "pass": false,
              "fail": true,
              "pending": false,
              "context": null,
              "code": "// cy.visit('http://localhost:8002/default/services/create')\n// cy.locator(ServicesCreatePageElements.fullUrlInput).type('testufl');\n//create the service\nkoneMangerHomePage.visit().clickDefauleWorkSpace();\ngatewayServicePage.inputAndSave();",
              "err": {
                "message": "CypressError: `cy.exec('docker-compose up -d')` failed because the command exited with a non-zero code.\n\nPass `{failOnNonZeroExit: false}` to ignore exit code failures.\n\nInformation about the failure:\nCode: 1\n\nStderr:\ntime=\"2025-07-22T22:33:30+08:00\" level=warning msg=\"C:\\\\Users\\\\jason\\\\Desktop\\\\codes\\\\kong_manager_with_cypress\\\\docker-compose.yml: the attribute `version` is obsolete, it will be ignored, please ...\n\nhttps://on.cypress.io/exec\n\nBecause this error occurred during a `before all` hook we are skipping the remaining tests in the current suite: `Kong Manager Tests`",
                "estack": "CypressError: `cy.exec('docker-compose up -d')` failed because the command exited with a non-zero code.\n\nPass `{failOnNonZeroExit: false}` to ignore exit code failures.\n\nInformation about the failure:\nCode: 1\n\nStderr:\ntime=\"2025-07-22T22:33:30+08:00\" level=warning msg=\"C:\\\\Users\\\\jason\\\\Desktop\\\\codes\\\\kong_manager_with_cypress\\\\docker-compose.yml: the attribute `version` is obsolete, it will be ignored, please ...\n\nhttps://on.cypress.io/exec\n\nBecause this error occurred during a `before all` hook we are skipping the remaining tests in the current suite: `Kong Manager Tests`\n    at <unknown> (http://localhost:57670/__cypress/runner/cypress_runner.js:121921:77)\n    at tryCatcher (http://localhost:57670/__cypress/runner/cypress_runner.js:1777:23)\n    at Promise._settlePromiseFromHandler (http://localhost:57670/__cypress/runner/cypress_runner.js:1489:31)\n    at Promise._settlePromise (http://localhost:57670/__cypress/runner/cypress_runner.js:1546:18)\n    at Promise._settlePromise0 (http://localhost:57670/__cypress/runner/cypress_runner.js:1591:10)\n    at Promise._settlePromises (http://localhost:57670/__cypress/runner/cypress_runner.js:1671:18)\n    at _drainQueueStep (http://localhost:57670/__cypress/runner/cypress_runner.js:2377:12)\n    at _drainQueue (http://localhost:57670/__cypress/runner/cypress_runner.js:2370:9)\n    at Async._drainQueues (http://localhost:57670/__cypress/runner/cypress_runner.js:2386:5)\n    at Async.drainQueues (http://localhost:57670/__cypress/runner/cypress_runner.js:2256:14)\nFrom Your Spec Code:\n    at Context.eval (webpack://kong_cypress_ts/./cypress/support/commands.ts:59:5)\n    at wrapped (http://localhost:57670/__cypress/runner/cypress_runner.js:141524:43)",
                "diff": null
              },
              "uuid": "bd030aa0-c62a-460f-b09d-1b2b2911e319",
              "parentUUID": "36f4c57f-3b0f-4e62-af21-f7fdaaecba4b",
              "isHook": false,
              "skipped": false
            }
          ],
          "suites": [],
          "passes": [],
          "failures": [
            "bd030aa0-c62a-460f-b09d-1b2b2911e319"
          ],
          "pending": [],
          "skipped": [],
          "duration": 416,
          "root": false,
          "rootEmpty": false,
          "_timeout": 2000
        }
      ],
      "passes": [],
      "failures": [],
      "pending": [],
      "skipped": [],
      "duration": 0,
      "root": true,
      "rootEmpty": true,
      "_timeout": 2000
    }
  ],
  "meta": {
    "mocha": {
      "version": "7.2.0"
    },
    "mochawesome": {
      "options": {
        "quiet": false,
        "reportFilename": "mochawesome",
        "saveHtml": false,
        "saveJson": true,
        "consoleReporter": "spec",
        "useInlineDiffs": false,
        "code": true
      },
      "version": "7.1.3"
    },
    "marge": {
      "options": {
        "reportDir": "cypress/results",
        "overwrite": false,
        "html": false,
        "json": true
      },
      "version": "6.2.0"
    }
  }
}